<?xml version="1.0" encoding="UTF-8"?>
<!-- Generated by org.testng.reporters.JUnitReportReporter -->
<testsuite hostname="dell-PC" name="search.ItemSearch" tests="1" failures="0" timestamp="29 Apr 2016 18:48:10 GMT" time="186.255" errors="0">
  <testcase name="dropDownSearch" time="186.255" classname="search.ItemSearch"/>
</testsuite> <!-- search.ItemSearch -->
